<?xml version="1.0" encoding="UTF-8"?>
<testng-results skipped="0" failed="0" total="1" passed="1">
  <reporter-output>
  </reporter-output>
  <suite name="Default suite" duration-ms="16909" started-at="2018-10-28T07:58:59Z" finished-at="2018-10-28T07:59:16Z">
    <groups>
      <group name="cucumber">
        <method signature="AbstractTestNGCucumberTests.feature(cucumber.api.testng.CucumberFeatureWrapper)[pri:0, instance:Runner.TestRunner@5442a311]" name="feature" class="cucumber.api.testng.AbstractTestNGCucumberTests"/>
      </group> <!-- cucumber -->
    </groups>
    <test name="Default test" duration-ms="16909" started-at="2018-10-28T07:58:59Z" finished-at="2018-10-28T07:59:16Z">
      <class name="Runner.TestRunner">
        <test-method status="PASS" signature="setUpClass()[pri:0, instance:Runner.TestRunner@5442a311]" name="setUpClass" is-config="true" duration-ms="287" started-at="2018-10-28T13:28:59Z" finished-at="2018-10-28T13:28:59Z">
          <reporter-output>
          </reporter-output>
        </test-method> <!-- setUpClass -->
        <test-method status="PASS" signature="feature(cucumber.api.testng.CucumberFeatureWrapper)[pri:0, instance:Runner.TestRunner@5442a311]" name="feature" duration-ms="16535" started-at="2018-10-28T13:28:59Z" description="Runs Cucumber Feature" data-provider="features" finished-at="2018-10-28T13:29:16Z">
          <params>
            <param index="0">
              <value>
                <![CDATA[Login To System]]>
              </value>
            </param>
          </params>
          <reporter-output>
          </reporter-output>
        </test-method> <!-- feature -->
        <test-method status="PASS" signature="tearDownClass()[pri:0, instance:Runner.TestRunner@5442a311]" name="tearDownClass" is-config="true" duration-ms="4" started-at="2018-10-28T13:29:16Z" finished-at="2018-10-28T13:29:16Z">
          <reporter-output>
          </reporter-output>
        </test-method> <!-- tearDownClass -->
      </class> <!-- Runner.TestRunner -->
    </test> <!-- Default test -->
  </suite> <!-- Default suite -->
</testng-results>
